<?xml version="1.0" encoding="UTF-8"?>
<testng-results ignored="0" total="0" passed="0" failed="0" skipped="0">
  <reporter-output>
  </reporter-output>
  <suite started-at="2020-08-06T23:41:49Z" name="Suite" finished-at="2020-08-06T23:42:02Z" duration-ms="12988">
    <groups>
    </groups>
    <test started-at="2020-08-06T23:41:49Z" name="Complete test run" finished-at="2020-08-06T23:42:02Z" duration-ms="12988">
      <class name="com.test.Login">
        <test-method is-config="true" signature="testStart()[pri:0, instance:com.test.Login@1d7acb34]" started-at="2020-08-06T23:41:49Z" name="testStart" finished-at="2020-08-06T23:42:02Z" duration-ms="12980" status="PASS">
          <reporter-output>
          </reporter-output>
        </test-method> <!-- testStart -->
      </class> <!-- com.test.Login -->
    </test> <!-- Complete test run -->
  </suite> <!-- Suite -->
</testng-results>
